<?xml version="1.0" encoding="UTF-8"?>
<!-- Generated by org.testng.reporters.JUnitXMLReporter -->
<testsuite ignored="0" hostname="LAPTOP-1JDM1002" failures="0" tests="4" name="Test Runner1" time="0.086" errors="0" timestamp="2023-10-17T13:18:16 IST">
  <testcase classname="disturbuted.Test1" name="demo1" time="0.013"/>
  <testcase classname="disturbuted.Test1" name="demo2" time="0.001"/>
  <testcase classname="disturbuted.Test2" name="demo1" time="0.003"/>
  <testcase classname="disturbuted.Test2" name="demo2" time="0.002"/>
</testsuite> <!-- Test Runner1 -->
