<?xml version="1.0" encoding="UTF-8"?>
<!-- Generated by org.testng.reporters.JUnitXMLReporter -->
<testsuite ignored="0" hostname="LAPTOP-1JDM1002" failures="0" tests="4" name="Test Runner2" time="0.082" errors="0" timestamp="2023-10-17T13:18:16 IST">
  <testcase classname="disturbuted.Test3" name="demo1" time="0.011"/>
  <testcase classname="disturbuted.Test3" name="demo2" time="0.015"/>
  <testcase classname="disturbuted.Test4" name="demo1" time="0.001"/>
  <testcase classname="disturbuted.Test4" name="demo2" time="0.005"/>
</testsuite> <!-- Test Runner2 -->
