<?xml version="1.0" encoding="UTF-8"?>
<!-- Generated by org.testng.reporters.JUnitXMLReporter -->
<testsuite ignored="0" hostname="LAPTOP-1JDM1002" failures="0" tests="4" name="Test Runner3" time="0.083" errors="0" timestamp="2023-10-17T13:18:16 IST">
  <testcase classname="disturbuted.Test5" name="demo1" time="0.018"/>
  <testcase classname="disturbuted.Test5" name="demo2" time="0.003"/>
  <testcase classname="disturbuted.Test6" name="demo1" time="0.005"/>
  <testcase classname="disturbuted.Test6" name="demo2" time="0.004"/>
</testsuite> <!-- Test Runner3 -->
